{"/home/mark_empire/local-dev/testing/testing-lab/basic-testing-frontend/src/math.js": {"path":"/home/mark_empire/local-dev/testing/testing-lab/basic-testing-frontend/src/math.js","all":false,"statementMap":{"0":{"start":{"line":1,"column":0},"end":{"line":1,"column":30}},"1":{"start":{"line":2,"column":0},"end":{"line":2,"column":14}},"2":{"start":{"line":3,"column":0},"end":{"line":3,"column":0}},"3":{"start":{"line":4,"column":0},"end":{"line":4,"column":33}},"4":{"start":{"line":5,"column":0},"end":{"line":5,"column":18}},"5":{"start":{"line":6,"column":0},"end":{"line":6,"column":3}},"6":{"start":{"line":7,"column":0},"end":{"line":7,"column":13}},"7":{"start":{"line":8,"column":0},"end":{"line":8,"column":1}}},"s":{"0":1,"1":1,"2":1,"3":1,"4":3,"5":3,"6":1,"7":1},"branchMap":{"0":{"type":"branch","line":2,"loc":{"start":{"line":2,"column":-1},"end":{"line":8,"column":1}},"locations":[{"start":{"line":2,"column":-1},"end":{"line":8,"column":1}}]},"1":{"type":"branch","line":5,"loc":{"start":{"line":5,"column":-1},"end":{"line":7,"column":2}},"locations":[{"start":{"line":5,"column":-1},"end":{"line":7,"column":2}}]}},"b":{"0":[1],"1":[3]},"fnMap":{"0":{"name":"add","decl":{"start":{"line":2,"column":-1},"end":{"line":8,"column":1}},"loc":{"start":{"line":2,"column":-1},"end":{"line":8,"column":1}},"line":2}},"f":{"0":1}}
}
