{"/home/mark_empire/local-dev/testing/testing-lab/basic-testing-frontend/src/math.js": {"path":"/home/mark_empire/local-dev/testing/testing-lab/basic-testing-frontend/src/math.js","all":false,"statementMap":{"0":{"start":{"line":1,"column":0},"end":{"line":1,"column":30}},"1":{"start":{"line":2,"column":0},"end":{"line":2,"column":17}},"2":{"start":{"line":3,"column":0},"end":{"line":3,"column":52}},"3":{"start":{"line":4,"column":0},"end":{"line":4,"column":3}},"4":{"start":{"line":5,"column":0},"end":{"line":5,"column":0}},"5":{"start":{"line":6,"column":0},"end":{"line":6,"column":29}},"6":{"start":{"line":7,"column":0},"end":{"line":7,"column":20}},"7":{"start":{"line":8,"column":0},"end":{"line":8,"column":65}},"8":{"start":{"line":9,"column":0},"end":{"line":9,"column":6}},"9":{"start":{"line":10,"column":0},"end":{"line":10,"column":3}},"10":{"start":{"line":11,"column":0},"end":{"line":11,"column":0}},"11":{"start":{"line":12,"column":0},"end":{"line":12,"column":32}},"12":{"start":{"line":13,"column":0},"end":{"line":13,"column":48}},"13":{"start":{"line":14,"column":0},"end":{"line":14,"column":3}},"14":{"start":{"line":15,"column":0},"end":{"line":15,"column":0}},"15":{"start":{"line":16,"column":0},"end":{"line":16,"column":14}},"16":{"start":{"line":17,"column":0},"end":{"line":17,"column":0}},"17":{"start":{"line":18,"column":0},"end":{"line":18,"column":33}},"18":{"start":{"line":19,"column":0},"end":{"line":19,"column":24}},"19":{"start":{"line":20,"column":0},"end":{"line":20,"column":17}},"20":{"start":{"line":21,"column":0},"end":{"line":21,"column":5}},"21":{"start":{"line":22,"column":0},"end":{"line":22,"column":26}},"22":{"start":{"line":23,"column":0},"end":{"line":23,"column":3}},"23":{"start":{"line":24,"column":0},"end":{"line":24,"column":13}},"24":{"start":{"line":25,"column":0},"end":{"line":25,"column":1}}},"s":{"0":1,"1":7,"2":1,"3":1,"4":1,"5":6,"6":1,"7":1,"8":1,"9":1,"10":1,"11":5,"12":1,"13":1,"14":1,"15":4,"16":4,"17":4,"18":6,"19":1,"20":1,"21":5,"22":5,"23":3,"24":3},"branchMap":{"0":{"type":"branch","line":2,"loc":{"start":{"line":2,"column":-1},"end":{"line":25,"column":1}},"locations":[{"start":{"line":2,"column":-1},"end":{"line":25,"column":1}}]},"1":{"type":"branch","line":3,"loc":{"start":{"line":3,"column":-1},"end":{"line":5,"column":0}},"locations":[{"start":{"line":3,"column":-1},"end":{"line":5,"column":0}}]},"2":{"type":"branch","line":6,"loc":{"start":{"line":6,"column":-1},"end":{"line":6,"column":29}},"locations":[{"start":{"line":6,"column":-1},"end":{"line":6,"column":29}}]},"3":{"type":"branch","line":7,"loc":{"start":{"line":7,"column":-1},"end":{"line":11,"column":0}},"locations":[{"start":{"line":7,"column":-1},"end":{"line":11,"column":0}}]},"4":{"type":"branch","line":12,"loc":{"start":{"line":12,"column":-1},"end":{"line":12,"column":32}},"locations":[{"start":{"line":12,"column":-1},"end":{"line":12,"column":32}}]},"5":{"type":"branch","line":13,"loc":{"start":{"line":13,"column":-1},"end":{"line":15,"column":0}},"locations":[{"start":{"line":13,"column":-1},"end":{"line":15,"column":0}}]},"6":{"type":"branch","line":16,"loc":{"start":{"line":16,"column":-1},"end":{"line":18,"column":33}},"locations":[{"start":{"line":16,"column":-1},"end":{"line":18,"column":33}}]},"7":{"type":"branch","line":19,"loc":{"start":{"line":19,"column":-1},"end":{"line":24,"column":2}},"locations":[{"start":{"line":19,"column":-1},"end":{"line":24,"column":2}}]},"8":{"type":"branch","line":20,"loc":{"start":{"line":20,"column":-1},"end":{"line":22,"column":2}},"locations":[{"start":{"line":20,"column":-1},"end":{"line":22,"column":2}}]},"9":{"type":"branch","line":22,"loc":{"start":{"line":22,"column":0},"end":{"line":24,"column":2}},"locations":[{"start":{"line":22,"column":0},"end":{"line":24,"column":2}}]},"10":{"type":"branch","line":24,"loc":{"start":{"line":24,"column":0},"end":{"line":25,"column":1}},"locations":[{"start":{"line":24,"column":0},"end":{"line":25,"column":1}}]}},"b":{"0":[7],"1":[1],"2":[6],"3":[1],"4":[5],"5":[1],"6":[4],"7":[6],"8":[1],"9":[5],"10":[3]},"fnMap":{"0":{"name":"add","decl":{"start":{"line":2,"column":-1},"end":{"line":25,"column":1}},"loc":{"start":{"line":2,"column":-1},"end":{"line":25,"column":1}},"line":2}},"f":{"0":7}}
,"/home/mark_empire/local-dev/testing/testing-lab/basic-testing-frontend/src/util/numbers.js": {"path":"/home/mark_empire/local-dev/testing/testing-lab/basic-testing-frontend/src/util/numbers.js","all":false,"statementMap":{"0":{"start":{"line":1,"column":0},"end":{"line":1,"column":42}},"1":{"start":{"line":2,"column":0},"end":{"line":2,"column":44}},"2":{"start":{"line":3,"column":0},"end":{"line":3,"column":75}},"3":{"start":{"line":4,"column":0},"end":{"line":4,"column":3}},"4":{"start":{"line":5,"column":0},"end":{"line":5,"column":21}},"5":{"start":{"line":6,"column":0},"end":{"line":6,"column":61}},"6":{"start":{"line":7,"column":0},"end":{"line":7,"column":0}},"7":{"start":{"line":8,"column":0},"end":{"line":8,"column":33}},"8":{"start":{"line":9,"column":0},"end":{"line":9,"column":50}},"9":{"start":{"line":10,"column":0},"end":{"line":10,"column":40}},"10":{"start":{"line":11,"column":0},"end":{"line":11,"column":3}},"11":{"start":{"line":12,"column":0},"end":{"line":12,"column":0}},"12":{"start":{"line":13,"column":0},"end":{"line":13,"column":16}},"13":{"start":{"line":14,"column":0},"end":{"line":14,"column":1}}},"s":{"0":1,"1":5,"2":2,"3":2,"4":3,"5":5,"6":5,"7":5,"8":5,"9":1,"10":1,"11":1,"12":2,"13":2},"branchMap":{"0":{"type":"branch","line":2,"loc":{"start":{"line":2,"column":-1},"end":{"line":14,"column":1}},"locations":[{"start":{"line":2,"column":-1},"end":{"line":14,"column":1}}]},"1":{"type":"branch","line":2,"loc":{"start":{"line":2,"column":20},"end":{"line":2,"column":42}},"locations":[{"start":{"line":2,"column":20},"end":{"line":2,"column":42}}]},"2":{"type":"branch","line":3,"loc":{"start":{"line":3,"column":-1},"end":{"line":5,"column":2}},"locations":[{"start":{"line":3,"column":-1},"end":{"line":5,"column":2}}]},"3":{"type":"branch","line":5,"loc":{"start":{"line":5,"column":0},"end":{"line":6,"column":41}},"locations":[{"start":{"line":5,"column":0},"end":{"line":6,"column":41}}]},"4":{"type":"branch","line":6,"loc":{"start":{"line":6,"column":41},"end":{"line":6,"column":53}},"locations":[{"start":{"line":6,"column":41},"end":{"line":6,"column":53}}]},"5":{"type":"branch","line":6,"loc":{"start":{"line":6,"column":54},"end":{"line":6,"column":61}},"locations":[{"start":{"line":6,"column":54},"end":{"line":6,"column":61}}]},"6":{"type":"branch","line":9,"loc":{"start":{"line":9,"column":33},"end":{"line":9,"column":48}},"locations":[{"start":{"line":9,"column":33},"end":{"line":9,"column":48}}]},"7":{"type":"branch","line":10,"loc":{"start":{"line":10,"column":-1},"end":{"line":12,"column":0}},"locations":[{"start":{"line":10,"column":-1},"end":{"line":12,"column":0}}]},"8":{"type":"branch","line":13,"loc":{"start":{"line":13,"column":-1},"end":{"line":14,"column":1}},"locations":[{"start":{"line":13,"column":-1},"end":{"line":14,"column":1}}]}},"b":{"0":[5],"1":[4],"2":[2],"3":[3],"4":[0],"5":[3],"6":[2],"7":[1],"8":[2]},"fnMap":{"0":{"name":"transformToNumber","decl":{"start":{"line":2,"column":-1},"end":{"line":14,"column":1}},"loc":{"start":{"line":2,"column":-1},"end":{"line":14,"column":1}},"line":2}},"f":{"0":5}}
}
